[demo.ovathemes.com/eventmana/index.html]
[backblue.gif]
[fade.gif]
[index.html]
[demo.ovathemes.com/eventmana/wp-includes/css/dist/block-library/style.min4d2c.css]
[demo.ovathemes.com/eventmana/feed/index.html]
[demo.ovathemes.com/eventmana/wp-content/plugins/woocommerce/packages/woocommerce-blocks/build/stylea1ec.css]
[demo.ovathemes.com/eventmana/comments/feed/index.html]
[demo.ovathemes.com/eventmana/wp-content/plugins/contact-form-7/includes/css/styles58e0.css]
[demo.ovathemes.com/eventmana/wp-content/plugins/instagram-slider-widget/assets/css/instag-slider91ce.css]
[demo.ovathemes.com/eventmana/wp-content/plugins/recent-tweets-widget/tp_twitter_plugin5152.css]
[demo.ovathemes.com/eventmana/wp-content/plugins/woocommerce/assets/css/woocommerce-layout3088.css]
[demo.ovathemes.com/eventmana/wp-content/plugins/woocommerce/assets/css/woocommerce-smallscreen3088.css]
[demo.ovathemes.com/eventmana/wp-content/plugins/woocommerce/assets/css/woocommerce3088.css]
[demo.ovathemes.com/eventmana/wp-content/themes/eventmana/assets/plugins/bootstrap/css/bootstrap.min4d2c.css]
[demo.ovathemes.com/eventmana/wp-content/plugins/js_composer/assets/lib/bower/font-awesome/css/font-awesome.min52c7.css]
[demo.ovathemes.com/eventmana/wp-content/themes/eventmana/assets/plugins/bootstrap-select/bootstrap-select.min4d2c.css]
[demo.ovathemes.com/eventmana/wp-content/themes/eventmana/assets/plugins/owlcarousel2/assets/owl.carousel.min4d2c.css]
[demo.ovathemes.com/eventmana/wp-content/themes/eventmana/assets/plugins/owlcarousel2/assets/owl.theme.default.min4d2c.css]
[demo.ovathemes.com/eventmana/wp-content/themes/eventmana/assets/plugins/prettyphoto/css/prettyPhoto4d2c.css]
[demo.ovathemes.com/eventmana/wp-content/themes/eventmana/assets/plugins/animate/animate.min4d2c.css]
[demo.ovathemes.com/eventmana/wp-content/themes/eventmana/assets/plugins/countdown/jquery.countdown4d2c.css]
[demo.ovathemes.com/eventmana/wp-content/themes/eventmana/style4d2c.css]
[demo.ovathemes.com/eventmana/wp-content/themes/eventmana/extend/css/fix4d2c.css]
[demo.ovathemes.com/eventmana/wp-includes/js/jquery/jquery-migrate.min330a.js]
[demo.ovathemes.com/eventmana/wp-content/plugins/instagram-slider-widget/assets/js/jquery.flexslider-mindc8c.js]
[demo.ovathemes.com/eventmana/wp-content/plugins/js_composer/assets/css/js_composer.min52c7.css]
[demo.ovathemes.com/eventmana/wp-content/plugins/woocommerce/assets/js/jquery-blockui/jquery.blockUI.min44fd.js]
[demo.ovathemes.com/eventmana/wp-content/plugins/woocommerce/assets/js/frontend/add-to-cart.min3088.js]
[demo.ovathemes.com/eventmana/wp-includes/js/jquery/jquery4a5f.js]
[demo.ovathemes.com/eventmana/wp-content/plugins/js_composer/assets/js/vendors/woocommerce-add-to-cart52c7.js]
[demo.ovathemes.com/eventmana/xmlrpc0db0.php]
[demo.ovathemes.com/eventmana/wp-includes/wlwmanifest.xml]
[demo.ovathemes.com/eventmana/wp-json/oembed/1.0/embedac38.json]
[demo.ovathemes.com/eventmana/wp-json/oembed/1.0/embed07f0]
[demo.ovathemes.com/eventmana/wp-json/index.html]
[demo.ovathemes.com/eventmana/wp-loginc94b.html]
[demo.ovathemes.com/eventmana/wp-login456e.html]
[demo.ovathemes.com/eventmana/wp-content/uploads/2015/09/blog-post-3.jpg]
[demo.ovathemes.com/eventmana/wp-content/uploads/2015/09/background-img-slider.jpg]
[demo.ovathemes.com/eventmana/home-2/index.html]
[demo.ovathemes.com/eventmana/home-page/index.html]
[demo.ovathemes.com/eventmana/wp-content/uploads/2015/09/slider-4-avatar.png]
[demo.ovathemes.com/eventmana/event-list/index.html]
[demo.ovathemes.com/eventmana/wp-content/uploads/2015/09/shutterstock_1490323251.26.delayed]
[demo.ovathemes.com/eventmana/event-grid/index.html]
[demo.ovathemes.com/eventmana/conference-category/index.html]
[demo.ovathemes.com/eventmana/wp-content/uploads/2015/09/shutterstock_1258062861.jpg]
[demo.ovathemes.com/eventmana/past-events/index.html]
[demo.ovathemes.com/eventmana/upcoming-events/index.html]
[demo.ovathemes.com/eventmana/wp-content/uploads/2015/09/shutterstock_1646736051.jpg]
[demo.ovathemes.com/eventmana/wp-content/uploads/2015/09/shutterstock_2564924741.jpg]
[demo.ovathemes.com/eventmana/event/bottlerock-napa-valley-2016/index.html]
[demo.ovathemes.com/eventmana/wp-content/uploads/2015/09/shutterstock_2171192141.jpg]
[demo.ovathemes.com/eventmana/event/2016-calgary-comic-entertainment-expo/index.html]
[demo.ovathemes.com/eventmana/wp-content/uploads/2015/09/shutterstock_149032325.jpg]
[demo.ovathemes.com/eventmana/wp-content/uploads/2015/09/shutterstock_125806286.jpg]
[demo.ovathemes.com/eventmana/blog-page/index.html]
[demo.ovathemes.com/eventmana/image-with-blog-post/index.html]
[demo.ovathemes.com/eventmana/1]
[demo.ovathemes.com/eventmana/index0e5c.html]
[demo.ovathemes.com/eventmana/contact-us/index.html]
[demo.ovathemes.com/eventmana/wp-content/uploads/2015/09/shutterstock_300277832.jpg]
[demo.ovathemes.com/eventmana/event/the-worlds-greatest-tribute-bands-on-axs-tv/index.html]
[demo.ovathemes.com/eventmana/cart/index.html]
[demo.ovathemes.com/eventmana/wp-content/uploads/2015/09/shutterstock_256492474.jpg]
[demo.ovathemes.com/eventmana/event/ladies-free-all-night-elleven45/index.html]
[demo.ovathemes.com/eventmana/wp-content/uploads/2015/09/shutterstock_164673605.jpg]
[demo.ovathemes.com/eventmana/event/chicago-food-truck-festival/index.html]
[demo.ovathemes.com/eventmana/wp-content/uploads/2015/09/avatar-1.jpg]
[demo.ovathemes.com/eventmana/event/soulfuelwv-2016-christian-music-festival/index.html]
[demo.ovathemes.com/eventmana/event/the-governors-ball-music-festival-2016/index.html]
[demo.ovathemes.com/eventmana/wp-content/uploads/2015/09/avatar-2.jpg]
[demo.ovathemes.com/eventmana/event/boots-and-hearts-2016/index.html]
[demo.ovathemes.com/eventmana/wp-content/uploads/2015/09/avatar-3.jpg]
[demo.ovathemes.com/eventmana/wp-content/uploads/2015/09/avatar-4.jpg]
[demo.ovathemes.com/eventmana/wp-content/uploads/2015/09/latest-9.jpg]
[demo.ovathemes.com/eventmana/wp-content/uploads/2015/09/latest-9a.jpg]
[demo.ovathemes.com/eventmana/wp-content/uploads/2015/09/latest-8.jpg]
[demo.ovathemes.com/eventmana/wp-content/uploads/2015/09/latest-5a.jpg]
[demo.ovathemes.com/eventmana/wp-content/uploads/2015/09/latest-7.jpg]
[demo.ovathemes.com/eventmana/wp-content/uploads/2015/09/latest-7a.jpg]
[demo.ovathemes.com/eventmana/wp-content/uploads/2015/09/latest-6.jpg]
[demo.ovathemes.com/eventmana/wp-content/uploads/2015/09/latest-6a.jpg]
[demo.ovathemes.com/eventmana/wp-content/uploads/2015/09/latest-5.jpg]
[demo.ovathemes.com/eventmana/wp-content/uploads/2015/09/latest-4.jpg]
[demo.ovathemes.com/eventmana/wp-content/uploads/2015/09/latest-4a.jpg]
[demo.ovathemes.com/eventmana/wp-content/uploads/2015/09/latest-3.jpg]
[demo.ovathemes.com/eventmana/wp-content/uploads/2015/09/latest-3a.jpg]
[demo.ovathemes.com/eventmana/wp-content/uploads/2015/09/latest-2.jpg]
[demo.ovathemes.com/eventmana/wp-content/uploads/2015/09/latest-2a.jpg]
[demo.ovathemes.com/eventmana/wp-content/uploads/2015/09/partner-6.png]
[demo.ovathemes.com/eventmana/wp-content/uploads/2015/09/partner-5.png]
[demo.ovathemes.com/eventmana/wp-content/uploads/2015/09/partner-4.png]
[demo.ovathemes.com/eventmana/wp-content/uploads/2015/09/partner-3.png]
[demo.ovathemes.com/eventmana/wp-content/uploads/2015/09/partner-2.png]
[demo.ovathemes.com/eventmana/wp-content/uploads/2015/09/partner-1.png]
[demo.ovathemes.com/eventmana/wp-content/uploads/2015/09/speaker-2.jpg]
[demo.ovathemes.com/eventmana/wp-content/uploads/2015/09/speaker-3.jpg]
[demo.ovathemes.com/eventmana/wp-content/uploads/2015/09/speaker-4.jpg]
[demo.ovathemes.com/eventmana/wp-content/uploads/2015/09/speaker-1.jpg]
[demo.ovathemes.com/eventmana/wp-content/uploads/2015/09/blog-post-2.jpg]
[demo.ovathemes.com/eventmana/wp-content/uploads/2015/09/blog-post-1.jpg]
[demo.ovathemes.com/eventmana/event-management-wordpress-theme/index.html]
[demo.ovathemes.com/eventmana/wp-content/plugins/contact-form-7/includes/js/scripts58e0.js]
[demo.ovathemes.com/eventmana/wp-content/plugins/woocommerce/assets/js/js-cookie/js.cookie.min6b25.js]
[demo.ovathemes.com/eventmana/wp-content/plugins/woocommerce/assets/js/frontend/woocommerce.min3088.js]
[demo.ovathemes.com/eventmana/wp-content/plugins/woocommerce/assets/js/frontend/cart-fragments.min3088.js]
[demo.ovathemes.com/eventmana/gallery-post/index.html]
[demo.ovathemes.com/eventmana/wp-content/themes/eventmana/assets/plugins/modernizr.custom4d2c.js]
[demo.ovathemes.com/eventmana/wp-content/themes/eventmana/assets/plugins/bootstrap/js/bootstrap.min4d2c.js]
[demo.ovathemes.com/eventmana/wp-content/themes/eventmana/assets/plugins/bootstrap-select/bootstrap-select.min4d2c.js]
[demo.ovathemes.com/eventmana/wp-content/themes/eventmana/assets/plugins/superfish/js/superfish4d2c.js]
[demo.ovathemes.com/eventmana/wp-content/plugins/woocommerce/assets/js/prettyPhoto/jquery.prettyPhoto.min005e.js]
[demo.ovathemes.com/eventmana/wp-content/themes/eventmana/assets/plugins/jquery.smoothscroll.min4d2c.js]
[demo.ovathemes.com/eventmana/wp-content/themes/eventmana/assets/plugins/jquery.easing.min4d2c.js]
[demo.ovathemes.com/eventmana/wp-content/themes/eventmana/assets/plugins/smooth-scrollbar.min4d2c.js]
[demo.ovathemes.com/eventmana/youtube-with-blog-post/index.html]
[demo.ovathemes.com/eventmana/vimeo-with-blog-post/index.html]
[demo.ovathemes.com/eventmana/wp-content/themes/eventmana/assets/plugins/owlcarousel2/owl.carousel.min4d2c.js]
[demo.ovathemes.com/eventmana/standart-blog-post-header-here/index.html]
[demo.ovathemes.com/eventmana/wp-content/themes/eventmana/assets/plugins/waypoints/waypoints.min4d2c.js]
[demo.ovathemes.com/eventmana/wp-content/themes/eventmana/assets/plugins/countdown/jquery.plugin.min4d2c.js]
[demo.ovathemes.com/eventmana/wp-content/themes/eventmana/assets/plugins/countdown/jquery.countdown.min4d2c.js]
[demo.ovathemes.com/eventmana/wp-content/plugins/js_composer/assets/lib/bower/isotope/dist/isotope.pkgd.min52c7.js]
[demo.ovathemes.com/eventmana/wp-content/themes/eventmana/assets/js/theme4d2c.js]
[demo.ovathemes.com/eventmana/wp-content/themes/eventmana/assets/js/theme_init4d2c.js]
[demo.ovathemes.com/eventmana/wp-includes/js/wp-embed.min4d2c.js]
[demo.ovathemes.com/eventmana/index.html]
[demo.ovathemes.com/eventmana/xmlrpc.php]
[demo.ovathemes.com/eventmana/wp-includes/css/dist/block-library/style.min4d2c.css]
[demo.ovathemes.com/eventmana/wp-content/plugins/woocommerce/packages/woocommerce-blocks/build/stylea1ec.css]
[demo.ovathemes.com/eventmana/wp-content/plugins/js_composer/assets/js/dist/js_composer_front.min52c7.js]
[demo.ovathemes.com/eventmana/wp-content/plugins/contact-form-7/images/ajax-loader.gif]
[demo.ovathemes.com/eventmana/wp-content/plugins/contact-form-7/includes/css/styles58e0.css]
[demo.ovathemes.com/eventmana/wp-content/plugins/instagram-slider-widget/assets/css/instag-slider91ce.css]
[demo.ovathemes.com/eventmana/wp-content/plugins/recent-tweets-widget/assets/tweet.png]
[demo.ovathemes.com/eventmana/wp-content/plugins/recent-tweets-widget/tp_twitter_plugin5152.css]
[demo.ovathemes.com/eventmana/wp-content/plugins/woocommerce/assets/css/woocommerce-layout3088.css]
[demo.ovathemes.com/eventmana/wp-content/plugins/woocommerce/assets/css/woocommerce-smallscreen3088.css]
[demo.ovathemes.com/eventmana/wp-content/plugins/woocommerce/assets/fonts/star.eot]
[demo.ovathemes.com/eventmana/wp-content/plugins/woocommerce/assets/fonts/stard41d.eot]
[demo.ovathemes.com/eventmana/wp-content/plugins/woocommerce/assets/fonts/star.woff]
[demo.ovathemes.com/eventmana/wp-content/plugins/woocommerce/assets/fonts/star.ttf]
[demo.ovathemes.com/eventmana/wp-content/plugins/woocommerce/assets/fonts/star.svg]
[demo.ovathemes.com/eventmana/wp-content/plugins/woocommerce/assets/fonts/WooCommerce.eot]
[demo.ovathemes.com/eventmana/wp-content/plugins/woocommerce/assets/fonts/WooCommerce.woff]
[demo.ovathemes.com/eventmana/wp-content/plugins/woocommerce/assets/fonts/WooCommerce.ttf]
[demo.ovathemes.com/eventmana/wp-content/plugins/woocommerce/assets/fonts/WooCommerced41d.eot]
[demo.ovathemes.com/eventmana/wp-content/plugins/woocommerce/assets/fonts/WooCommerce.svg]
[demo.ovathemes.com/eventmana/wp-content/plugins/woocommerce/assets/images/icons/credit-cards/visa.svg]
